<?xml version="1.0" encoding="UTF-8"?>
<!-- Generated by org.testng.reporters.JUnitXMLReporter -->
<testsuite ignored="4" hostname="LAPTOP-6C34LHA8" failures="0" tests="2" name="RegressionTest" time="134.281" errors="0" timestamp="2024-05-22T19:15:51 IST">
  <testcase classname="com.sevenrmartsupermarket.tests.AdminUsersTest" name="verifyNewlyCreatedAdminLogo" time="63.479"/>
  <testcase classname="com.sevenrmartsupermarket.tests.AdminUsersTest" name="verifyUsernameAlreadyExistAlertMessage" time="4.953"/>
  <testcase classname="com.sevenrmartsupermarket.tests.AdminUsersTest" name="verifyUserDeactivation" time="0.0">
    <ignored/>
  </testcase> <!-- verifyUserDeactivation -->
  <testcase classname="com.sevenrmartsupermarket.tests.AdminUsersTest" name="verifyEditUserDetailsFunctionality" time="0.0">
    <ignored/>
  </testcase> <!-- verifyEditUserDetailsFunctionality -->
  <testcase classname="com.sevenrmartsupermarket.tests.AdminUsersTest" name="verifyNewAdminUserCreated" time="0.0">
    <ignored/>
  </testcase> <!-- verifyNewAdminUserCreated -->
  <testcase classname="com.sevenrmartsupermarket.tests.AdminUsersTest" name="verifyUserProfileDeletion" time="0.0">
    <ignored/>
  </testcase> <!-- verifyUserProfileDeletion -->
</testsuite> <!-- RegressionTest -->
