<?xml version="1.0" encoding="UTF-8"?>
<!-- Generated by org.testng.reporters.JUnitXMLReporter -->
<testsuite ignored="4" hostname="LAPTOP-6C34LHA8" failures="0" tests="6" name="SmokeTest" time="79.904" errors="0" timestamp="2024-05-22T19:14:56 IST">
  <testcase classname="com.sevenrmartsupermarket.tests.LoginTest" name="verifyLoginUsingDataProvider" time="7.979"/>
  <testcase classname="com.sevenrmartsupermarket.tests.LoginTest" name="verifyLoginUsingDataProvider" time="11.402"/>
  <testcase classname="com.sevenrmartsupermarket.tests.LoginTest" name="verifyLoginUsingDataProvider" time="0.791"/>
  <testcase classname="com.sevenrmartsupermarket.tests.LoginTest" name="verifyNewlyCreatedUserLogin" time="1.036"/>
  <testcase classname="com.sevenrmartsupermarket.tests.LoginTest" name="verifyRemembermeText" time="0.068"/>
  <testcase classname="com.sevenrmartsupermarket.tests.LoginTest" name="verifyUseridText" time="0.047"/>
  <testcase classname="com.sevenrmartsupermarket.tests.LoginTest" name="verifyInvalidUserLogin" time="0.0">
    <ignored/>
  </testcase> <!-- verifyInvalidUserLogin -->
  <testcase classname="com.sevenrmartsupermarket.tests.LoginTest" name="verifyLogin" time="0.0">
    <ignored/>
  </testcase> <!-- verifyLogin -->
  <testcase classname="com.sevenrmartsupermarket.tests.LoginTest" name="verifyValidUserLogin" time="0.0">
    <ignored/>
  </testcase> <!-- verifyValidUserLogin -->
  <testcase classname="com.sevenrmartsupermarket.tests.LoginTest" name="verifyLogoText" time="0.0">
    <ignored/>
  </testcase> <!-- verifyLogoText -->
</testsuite> <!-- SmokeTest -->
