<?xml version="1.0" encoding="UTF-8"?>
<!-- Generated by org.testng.reporters.JUnitXMLReporter -->
<testsuite ignored="0" hostname="LAPTOP-6C34LHA8" failures="0" tests="3" name="ManageOrdersModuleTest" time="14.974" errors="0" timestamp="2024-05-21T20:03:29 IST">
  <testcase classname="com.sevenrmartsupermarket.tests.ManageOrdersTest" name="searchDetailsOfOrder" time="3.219"/>
  <testcase classname="com.sevenrmartsupermarket.tests.ManageOrdersTest" name="searchDetailsOfOrder" time="2.436"/>
  <testcase classname="com.sevenrmartsupermarket.tests.ManageOrdersTest" name="searchDetailsOfOrder" time="2.857"/>
</testsuite> <!-- ManageOrdersModuleTest -->
