<?xml version="1.0" encoding="UTF-8"?>
<!-- Generated by org.testng.reporters.JUnitXMLReporter -->
<testsuite ignored="3" hostname="LAPTOP-6C34LHA8" failures="0" tests="2" name="RegressionTest" time="18.843" errors="0" timestamp="2024-05-27T18:47:28 IST">
  <testcase classname="com.sevenrmartsupermarket.tests.AdminUsersTest" name="verifyNewlyCreatedAdminLogo" time="1.75"/>
  <testcase classname="com.sevenrmartsupermarket.tests.AdminUsersTest" name="verifyUsernameAlreadyExistAlertMessage" time="2.489"/>
  <testcase classname="com.sevenrmartsupermarket.tests.AdminUsersTest" name="verifyUserProfileDeletion" time="0.0">
    <ignored/>
  </testcase> <!-- verifyUserProfileDeletion -->
  <testcase classname="com.sevenrmartsupermarket.tests.AdminUsersTest" name="verifyUserDeactivation" time="0.0">
    <ignored/>
  </testcase> <!-- verifyUserDeactivation -->
  <testcase classname="com.sevenrmartsupermarket.tests.AdminUsersTest" name="verifyEditUserDetailsFunctionality" time="0.0">
    <ignored/>
  </testcase> <!-- verifyEditUserDetailsFunctionality -->
</testsuite> <!-- RegressionTest -->
