<?xml version="1.0" encoding="UTF-8"?>
<!-- Generated by org.testng.reporters.JUnitXMLReporter -->
<testsuite ignored="0" hostname="LAPTOP-6C34LHA8" failures="0" tests="7" name="SmokeTest" time="17.962" errors="0" timestamp="2024-05-21T21:34:01 IST">
  <testcase classname="com.sevenrmartsupermarket.tests.LoginTest" name="verifyInvalidUserLogin" time="0.939"/>
  <testcase classname="com.sevenrmartsupermarket.tests.LoginTest" name="verifyLogin" time="0.685"/>
  <testcase classname="com.sevenrmartsupermarket.tests.LoginTest" name="verifyLogoText" time="0.051"/>
  <testcase classname="com.sevenrmartsupermarket.tests.LoginTest" name="verifyNewlyCreatedUserLogin" time="1.313"/>
  <testcase classname="com.sevenrmartsupermarket.tests.LoginTest" name="verifyRemembermeText" time="0.054"/>
  <testcase classname="com.sevenrmartsupermarket.tests.LoginTest" name="verifyUseridText" time="0.06"/>
  <testcase classname="com.sevenrmartsupermarket.tests.LoginTest" name="verifyValidUserLogin" time="1.125"/>
</testsuite> <!-- SmokeTest -->
