<?xml version="1.0" encoding="UTF-8"?>
<!-- Generated by org.testng.reporters.JUnitXMLReporter -->
<testsuite ignored="0" hostname="LAPTOP-6C34LHA8" failures="0" tests="7" name="SmokeTest" time="90.524" errors="0" timestamp="2024-05-21T20:58:06 IST">
  <testcase classname="com.sevenrmartsupermarket.tests.LoginTest" name="verifyInvalidUserLogin" time="2.025"/>
  <testcase classname="com.sevenrmartsupermarket.tests.LoginTest" name="verifyLogin" time="5.035"/>
  <testcase classname="com.sevenrmartsupermarket.tests.LoginTest" name="verifyLogoText" time="0.053"/>
  <testcase classname="com.sevenrmartsupermarket.tests.LoginTest" name="verifyNewlyCreatedUserLogin" time="1.651"/>
  <testcase classname="com.sevenrmartsupermarket.tests.LoginTest" name="verifyRemembermeText" time="0.061"/>
  <testcase classname="com.sevenrmartsupermarket.tests.LoginTest" name="verifyUseridText" time="0.05"/>
  <testcase classname="com.sevenrmartsupermarket.tests.LoginTest" name="verifyValidUserLogin" time="1.658"/>
</testsuite> <!-- SmokeTest -->
