<?xml version="1.0" encoding="UTF-8"?>
<testng-results ignored="0" total="4" passed="3" failed="1" skipped="0">
  <reporter-output>
  </reporter-output>
  <suite started-at="2024-05-21T20:03:14 IST" name="ReleaseRunner" finished-at="2024-05-21T20:03:29 IST" duration-ms="14974">
    <groups>
    </groups>
    <test started-at="2024-05-21T20:03:14 IST" name="SmokeTest" finished-at="2024-05-21T20:03:19 IST" duration-ms="4536">
      <class name="com.sevenrmartsupermarket.tests.HomeTest">
        <test-method is-config="true" signature="launchBrowser()[pri:0, instance:com.sevenrmartsupermarket.tests.HomeTest@139982de]" started-at="2024-05-21T20:03:14 IST" name="launchBrowser" finished-at="2024-05-21T20:03:17 IST" duration-ms="2919" status="PASS">
          <reporter-output>
          </reporter-output>
        </test-method> <!-- launchBrowser -->
        <test-method signature="verify_GraphicElements()[pri:0, instance:com.sevenrmartsupermarket.tests.HomeTest@139982de]" started-at="2024-05-21T20:03:17 IST" name="verify_GraphicElements" finished-at="2024-05-21T20:03:18 IST" duration-ms="1429" status="FAIL">
          <exception class="java.lang.AssertionError">
            <message>
              <![CDATA[expected [16] but found [14]]]>
            </message>
            <full-stacktrace>
              <![CDATA[java.lang.AssertionError: expected [16] but found [14]
at org.testng.Assert.fail(Assert.java:111)
at org.testng.Assert.failNotEquals(Assert.java:1578)
at org.testng.Assert.assertEqualsImpl(Assert.java:150)
at org.testng.Assert.assertEquals(Assert.java:132)
at org.testng.Assert.assertEquals(Assert.java:1419)
at org.testng.Assert.assertEquals(Assert.java:1383)
at org.testng.Assert.assertEquals(Assert.java:1429)
at com.sevenrmartsupermarket.tests.HomeTest.verify_GraphicElements(HomeTest.java:22)
at java.base/jdk.internal.reflect.NativeMethodAccessorImpl.invoke0(Native Method)
at java.base/jdk.internal.reflect.NativeMethodAccessorImpl.invoke(NativeMethodAccessorImpl.java:77)
at java.base/jdk.internal.reflect.DelegatingMethodAccessorImpl.invoke(DelegatingMethodAccessorImpl.java:43)
at java.base/java.lang.reflect.Method.invoke(Method.java:568)
at org.testng.internal.invokers.MethodInvocationHelper.invokeMethod(MethodInvocationHelper.java:139)
at org.testng.internal.invokers.TestInvoker.invokeMethod(TestInvoker.java:664)
at org.testng.internal.invokers.TestInvoker.invokeTestMethod(TestInvoker.java:227)
at org.testng.internal.invokers.MethodRunner.runInSequence(MethodRunner.java:50)
at org.testng.internal.invokers.TestInvoker$MethodInvocationAgent.invoke(TestInvoker.java:957)
at org.testng.internal.invokers.TestInvoker.invokeTestMethods(TestInvoker.java:200)
at org.testng.internal.invokers.TestMethodWorker.invokeTestMethods(TestMethodWorker.java:148)
at org.testng.internal.invokers.TestMethodWorker.run(TestMethodWorker.java:128)
at java.base/java.util.ArrayList.forEach(ArrayList.java:1511)
at org.testng.TestRunner.privateRun(TestRunner.java:848)
at org.testng.TestRunner.run(TestRunner.java:621)
at org.testng.SuiteRunner.runTest(SuiteRunner.java:443)
at org.testng.SuiteRunner$SuiteWorker.run(SuiteRunner.java:481)
at org.testng.internal.thread.ThreadUtil.lambda$execute$0(ThreadUtil.java:58)
at java.base/java.util.concurrent.FutureTask.run(FutureTask.java:264)
at java.base/java.util.concurrent.ThreadPoolExecutor.runWorker(ThreadPoolExecutor.java:1136)
at java.base/java.util.concurrent.ThreadPoolExecutor$Worker.run(ThreadPoolExecutor.java:635)
at java.base/java.lang.Thread.run(Thread.java:842)
]]>
            </full-stacktrace>
          </exception> <!-- java.lang.AssertionError -->
          <reporter-output>
          </reporter-output>
        </test-method> <!-- verify_GraphicElements -->
        <test-method is-config="true" signature="terminateBrowser(org.testng.ITestResult)[pri:0, instance:com.sevenrmartsupermarket.tests.HomeTest@139982de]" started-at="2024-05-21T20:03:18 IST" name="terminateBrowser" finished-at="2024-05-21T20:03:19 IST" duration-ms="153" status="PASS">
          <params>
            <param index="0">
              <value>
                <![CDATA[[TestResult name=verify_GraphicElements status=FAILURE method=HomeTest.verify_GraphicElements()[pri:0, instance:com.sevenrmartsupermarket.tests.HomeTest@139982de] output={null}]]]>
              </value>
            </param>
          </params>
          <reporter-output>
          </reporter-output>
        </test-method> <!-- terminateBrowser -->
      </class> <!-- com.sevenrmartsupermarket.tests.HomeTest -->
    </test> <!-- SmokeTest -->
    <test started-at="2024-05-21T20:03:14 IST" name="ManageOrdersModuleTest" finished-at="2024-05-21T20:03:29 IST" duration-ms="14974">
      <class name="com.sevenrmartsupermarket.tests.ManageOrdersTest">
        <test-method is-config="true" signature="launchBrowser()[pri:0, instance:com.sevenrmartsupermarket.tests.ManageOrdersTest@13b6aecc]" started-at="2024-05-21T20:03:14 IST" name="launchBrowser" finished-at="2024-05-21T20:03:17 IST" duration-ms="2878" status="PASS">
          <reporter-output>
          </reporter-output>
        </test-method> <!-- launchBrowser -->
        <test-method signature="searchDetailsOfOrder(java.lang.String)[pri:0, instance:com.sevenrmartsupermarket.tests.ManageOrdersTest@13b6aecc]" started-at="2024-05-21T20:03:17 IST" name="searchDetailsOfOrder" data-provider="OrderDetails" finished-at="2024-05-21T20:03:20 IST" duration-ms="3219" status="PASS">
          <params>
            <param index="0">
              <value>
                <![CDATA[113]]>
              </value>
            </param>
          </params>
          <reporter-output>
          </reporter-output>
        </test-method> <!-- searchDetailsOfOrder -->
        <test-method is-config="true" signature="terminateBrowser(org.testng.ITestResult)[pri:0, instance:com.sevenrmartsupermarket.tests.ManageOrdersTest@13b6aecc]" started-at="2024-05-21T20:03:20 IST" name="terminateBrowser" finished-at="2024-05-21T20:03:20 IST" duration-ms="6" status="PASS">
          <params>
            <param index="0">
              <value>
                <![CDATA[[TestResult name=searchDetailsOfOrder status=SUCCESS method=ManageOrdersTest.searchDetailsOfOrder(java.lang.String)[pri:0, instance:com.sevenrmartsupermarket.tests.ManageOrdersTest@13b6aecc] output={null}]]]>
              </value>
            </param>
          </params>
          <reporter-output>
          </reporter-output>
        </test-method> <!-- terminateBrowser -->
        <test-method is-config="true" signature="launchBrowser()[pri:0, instance:com.sevenrmartsupermarket.tests.ManageOrdersTest@13b6aecc]" started-at="2024-05-21T20:03:20 IST" name="launchBrowser" finished-at="2024-05-21T20:03:22 IST" duration-ms="1553" status="PASS">
          <reporter-output>
          </reporter-output>
        </test-method> <!-- launchBrowser -->
        <test-method signature="searchDetailsOfOrder(java.lang.String)[pri:0, instance:com.sevenrmartsupermarket.tests.ManageOrdersTest@13b6aecc]" started-at="2024-05-21T20:03:22 IST" name="searchDetailsOfOrder" data-provider="OrderDetails" finished-at="2024-05-21T20:03:24 IST" duration-ms="2436" status="PASS">
          <params>
            <param index="0">
              <value>
                <![CDATA[111]]>
              </value>
            </param>
          </params>
          <reporter-output>
          </reporter-output>
        </test-method> <!-- searchDetailsOfOrder -->
        <test-method is-config="true" signature="terminateBrowser(org.testng.ITestResult)[pri:0, instance:com.sevenrmartsupermarket.tests.ManageOrdersTest@13b6aecc]" started-at="2024-05-21T20:03:24 IST" name="terminateBrowser" finished-at="2024-05-21T20:03:24 IST" duration-ms="2" status="PASS">
          <params>
            <param index="0">
              <value>
                <![CDATA[[TestResult name=searchDetailsOfOrder status=SUCCESS method=ManageOrdersTest.searchDetailsOfOrder(java.lang.String)[pri:0, instance:com.sevenrmartsupermarket.tests.ManageOrdersTest@13b6aecc] output={null}]]]>
              </value>
            </param>
          </params>
          <reporter-output>
          </reporter-output>
        </test-method> <!-- terminateBrowser -->
        <test-method is-config="true" signature="launchBrowser()[pri:0, instance:com.sevenrmartsupermarket.tests.ManageOrdersTest@13b6aecc]" started-at="2024-05-21T20:03:24 IST" name="launchBrowser" finished-at="2024-05-21T20:03:26 IST" duration-ms="1979" status="PASS">
          <reporter-output>
          </reporter-output>
        </test-method> <!-- launchBrowser -->
        <test-method signature="searchDetailsOfOrder(java.lang.String)[pri:0, instance:com.sevenrmartsupermarket.tests.ManageOrdersTest@13b6aecc]" started-at="2024-05-21T20:03:26 IST" name="searchDetailsOfOrder" data-provider="OrderDetails" finished-at="2024-05-21T20:03:29 IST" duration-ms="2857" status="PASS">
          <params>
            <param index="0">
              <value>
                <![CDATA[110]]>
              </value>
            </param>
          </params>
          <reporter-output>
          </reporter-output>
        </test-method> <!-- searchDetailsOfOrder -->
        <test-method is-config="true" signature="terminateBrowser(org.testng.ITestResult)[pri:0, instance:com.sevenrmartsupermarket.tests.ManageOrdersTest@13b6aecc]" started-at="2024-05-21T20:03:29 IST" name="terminateBrowser" finished-at="2024-05-21T20:03:29 IST" duration-ms="1" status="PASS">
          <params>
            <param index="0">
              <value>
                <![CDATA[[TestResult name=searchDetailsOfOrder status=SUCCESS method=ManageOrdersTest.searchDetailsOfOrder(java.lang.String)[pri:0, instance:com.sevenrmartsupermarket.tests.ManageOrdersTest@13b6aecc] output={null}]]]>
              </value>
            </param>
          </params>
          <reporter-output>
          </reporter-output>
        </test-method> <!-- terminateBrowser -->
      </class> <!-- com.sevenrmartsupermarket.tests.ManageOrdersTest -->
    </test> <!-- ManageOrdersModuleTest -->
  </suite> <!-- ReleaseRunner -->
</testng-results>
