<?xml version="1.0" encoding="UTF-8"?>
<testng-results ignored="0" total="3" passed="3" failed="0" skipped="0">
  <reporter-output>
  </reporter-output>
  <suite started-at="2024-05-22T13:00:15 IST" name="Default suite" finished-at="2024-05-22T13:00:24 IST" duration-ms="8544">
    <groups>
    </groups>
    <test started-at="2024-05-22T13:00:15 IST" name="Default test" finished-at="2024-05-22T13:00:24 IST" duration-ms="8544">
      <class name="com.sevenrmartsupermarket.tests.LoginTest">
        <test-method is-config="true" signature="launchBrowser()[pri:0, instance:com.sevenrmartsupermarket.tests.LoginTest@4d1c00d0]" started-at="2024-05-22T13:00:16 IST" name="launchBrowser" finished-at="2024-05-22T13:00:18 IST" duration-ms="2646" status="PASS">
          <reporter-output>
          </reporter-output>
        </test-method> <!-- launchBrowser -->
        <test-method signature="verifyLoginUsingDataProvider(java.lang.String,java.lang.String)[pri:0, instance:com.sevenrmartsupermarket.tests.LoginTest@4d1c00d0]" started-at="2024-05-22T13:00:18 IST" name="verifyLoginUsingDataProvider" data-provider="NewLoginCredentials" finished-at="2024-05-22T13:00:20 IST" duration-ms="1258" status="PASS">
          <params>
            <param index="0">
              <value>
                <![CDATA[Admin]]>
              </value>
            </param>
            <param index="1">
              <value>
                <![CDATA[admin]]>
              </value>
            </param>
          </params>
          <reporter-output>
          </reporter-output>
        </test-method> <!-- verifyLoginUsingDataProvider -->
        <test-method is-config="true" signature="terminateBrowser(org.testng.ITestResult)[pri:0, instance:com.sevenrmartsupermarket.tests.LoginTest@4d1c00d0]" started-at="2024-05-22T13:00:20 IST" name="terminateBrowser" finished-at="2024-05-22T13:00:20 IST" duration-ms="1" status="PASS">
          <params>
            <param index="0">
              <value>
                <![CDATA[[TestResult name=verifyLoginUsingDataProvider status=SUCCESS method=LoginTest.verifyLoginUsingDataProvider(java.lang.String,java.lang.String)[pri:0, instance:com.sevenrmartsupermarket.tests.LoginTest@4d1c00d0] output={null}]]]>
              </value>
            </param>
          </params>
          <reporter-output>
          </reporter-output>
        </test-method> <!-- terminateBrowser -->
        <test-method is-config="true" signature="launchBrowser()[pri:0, instance:com.sevenrmartsupermarket.tests.LoginTest@4d1c00d0]" started-at="2024-05-22T13:00:20 IST" name="launchBrowser" finished-at="2024-05-22T13:00:21 IST" duration-ms="1553" status="PASS">
          <reporter-output>
          </reporter-output>
        </test-method> <!-- launchBrowser -->
        <test-method signature="verifyLoginUsingDataProvider(java.lang.String,java.lang.String)[pri:0, instance:com.sevenrmartsupermarket.tests.LoginTest@4d1c00d0]" started-at="2024-05-22T13:00:21 IST" name="verifyLoginUsingDataProvider" data-provider="NewLoginCredentials" finished-at="2024-05-22T13:00:22 IST" duration-ms="578" status="PASS">
          <params>
            <param index="0">
              <value>
                <![CDATA[Steffy]]>
              </value>
            </param>
            <param index="1">
              <value>
                <![CDATA[abcdef]]>
              </value>
            </param>
          </params>
          <reporter-output>
          </reporter-output>
        </test-method> <!-- verifyLoginUsingDataProvider -->
        <test-method is-config="true" signature="terminateBrowser(org.testng.ITestResult)[pri:0, instance:com.sevenrmartsupermarket.tests.LoginTest@4d1c00d0]" started-at="2024-05-22T13:00:22 IST" name="terminateBrowser" finished-at="2024-05-22T13:00:22 IST" duration-ms="3" status="PASS">
          <params>
            <param index="0">
              <value>
                <![CDATA[[TestResult name=verifyLoginUsingDataProvider status=SUCCESS method=LoginTest.verifyLoginUsingDataProvider(java.lang.String,java.lang.String)[pri:0, instance:com.sevenrmartsupermarket.tests.LoginTest@4d1c00d0] output={null}]]]>
              </value>
            </param>
          </params>
          <reporter-output>
          </reporter-output>
        </test-method> <!-- terminateBrowser -->
        <test-method is-config="true" signature="launchBrowser()[pri:0, instance:com.sevenrmartsupermarket.tests.LoginTest@4d1c00d0]" started-at="2024-05-22T13:00:22 IST" name="launchBrowser" finished-at="2024-05-22T13:00:23 IST" duration-ms="1356" status="PASS">
          <reporter-output>
          </reporter-output>
        </test-method> <!-- launchBrowser -->
        <test-method signature="verifyLoginUsingDataProvider(java.lang.String,java.lang.String)[pri:0, instance:com.sevenrmartsupermarket.tests.LoginTest@4d1c00d0]" started-at="2024-05-22T13:00:23 IST" name="verifyLoginUsingDataProvider" data-provider="NewLoginCredentials" finished-at="2024-05-22T13:00:24 IST" duration-ms="576" status="PASS">
          <params>
            <param index="0">
              <value>
                <![CDATA[Susmitha123]]>
              </value>
            </param>
            <param index="1">
              <value>
                <![CDATA[susmitha@1]]>
              </value>
            </param>
          </params>
          <reporter-output>
          </reporter-output>
        </test-method> <!-- verifyLoginUsingDataProvider -->
        <test-method is-config="true" signature="terminateBrowser(org.testng.ITestResult)[pri:0, instance:com.sevenrmartsupermarket.tests.LoginTest@4d1c00d0]" started-at="2024-05-22T13:00:24 IST" name="terminateBrowser" finished-at="2024-05-22T13:00:24 IST" duration-ms="1" status="PASS">
          <params>
            <param index="0">
              <value>
                <![CDATA[[TestResult name=verifyLoginUsingDataProvider status=SUCCESS method=LoginTest.verifyLoginUsingDataProvider(java.lang.String,java.lang.String)[pri:0, instance:com.sevenrmartsupermarket.tests.LoginTest@4d1c00d0] output={null}]]]>
              </value>
            </param>
          </params>
          <reporter-output>
          </reporter-output>
        </test-method> <!-- terminateBrowser -->
      </class> <!-- com.sevenrmartsupermarket.tests.LoginTest -->
    </test> <!-- Default test -->
  </suite> <!-- Default suite -->
</testng-results>
